0 info it worked if it ends with ok
1 verbose cli [ '/usr/bin/nodejs',
1 verbose cli   '/usr/bin/npm',
1 verbose cli   'start',
1 verbose cli   '/home/alan_flores/node/node-postgres-todo/' ]
2 info using npm@3.10.3
3 info using node@v6.3.1
4 verbose run-script [ 'prestart', 'start', 'poststart' ]
5 info lifecycle node-postgres-todo@0.0.0~prestart: node-postgres-todo@0.0.0
6 silly lifecycle node-postgres-todo@0.0.0~prestart: no script for prestart, continuing
7 info lifecycle node-postgres-todo@0.0.0~start: node-postgres-todo@0.0.0
8 verbose lifecycle node-postgres-todo@0.0.0~start: unsafe-perm in lifecycle true
9 verbose lifecycle node-postgres-todo@0.0.0~start: PATH: /usr/lib/node_modules/npm/bin/node-gyp-bin:/home/alan_flores/node/node-postgres-todo/node_modules/.bin:/usr/bin:/usr/local/heroku/bin:/opt/google-cloud-sdk/bin:/usr/local/sbin:/usr/local/bin:/usr/sbin:/usr/bin:/sbin:/bin:/usr/games:/usr/local/games:/home/alan_flores/.node/bin:/opt/jdk1.7.0_79:/opt/jdk1.7.0_79/bin:/opt/apache-maven-3.3.9/bin:/opt/apache-maven-3.3.9/bin:/opt/apache-tomcat-7.0.68:/opt/apache-tomcat-7.0.68/bin:/opt/jdk1.7.0_79/jre:/usr/local/go/bin:/usr/local/etcd:/usr/local/terraform/bin:/opt/terraform/terraform
10 verbose lifecycle node-postgres-todo@0.0.0~start: CWD: /home/alan_flores/node/node-postgres-todo
11 silly lifecycle node-postgres-todo@0.0.0~start: Args: [ '-c',
11 silly lifecycle   'node ./bin/www "/home/alan_flores/node/node-postgres-todo/"' ]
12 silly lifecycle node-postgres-todo@0.0.0~start: Returned: code: 1  signal: null
13 info lifecycle node-postgres-todo@0.0.0~start: Failed to exec start script
14 verbose stack Error: node-postgres-todo@0.0.0 start: `node ./bin/www "/home/alan_flores/node/node-postgres-todo/"`
14 verbose stack Exit status 1
14 verbose stack     at EventEmitter.<anonymous> (/usr/lib/node_modules/npm/lib/utils/lifecycle.js:242:16)
14 verbose stack     at emitTwo (events.js:106:13)
14 verbose stack     at EventEmitter.emit (events.js:191:7)
14 verbose stack     at ChildProcess.<anonymous> (/usr/lib/node_modules/npm/lib/utils/spawn.js:40:14)
14 verbose stack     at emitTwo (events.js:106:13)
14 verbose stack     at ChildProcess.emit (events.js:191:7)
14 verbose stack     at maybeClose (internal/child_process.js:852:16)
14 verbose stack     at Process.ChildProcess._handle.onexit (internal/child_process.js:215:5)
15 verbose pkgid node-postgres-todo@0.0.0
16 verbose cwd /home/alan_flores/node/node-postgres-todo
17 error Linux 4.2.0-35-generic
18 error argv "/usr/bin/nodejs" "/usr/bin/npm" "start" "/home/alan_flores/node/node-postgres-todo/"
19 error node v6.3.1
20 error npm  v3.10.3
21 error code ELIFECYCLE
22 error node-postgres-todo@0.0.0 start: `node ./bin/www "/home/alan_flores/node/node-postgres-todo/"`
22 error Exit status 1
23 error Failed at the node-postgres-todo@0.0.0 start script 'node ./bin/www "/home/alan_flores/node/node-postgres-todo/"'.
23 error Make sure you have the latest version of node.js and npm installed.
23 error If you do, this is most likely a problem with the node-postgres-todo package,
23 error not with npm itself.
23 error Tell the author that this fails on your system:
23 error     node ./bin/www "/home/alan_flores/node/node-postgres-todo/"
23 error You can get information on how to open an issue for this project with:
23 error     npm bugs node-postgres-todo
23 error Or if that isn't available, you can get their info via:
23 error     npm owner ls node-postgres-todo
23 error There is likely additional logging output above.
24 verbose exit [ 1, true ]
